Using pre-set license
Built from '2021.3/staging' branch; Version is '2021.3.43f1 (6f9470916942) revision 7312496'; Using compiler version '192829333'; Build Type 'Release'
OS: 'Windows 11  (10.0.26100) 64bit Core' Language: 'ko' Physical Memory: 32552 MB
BatchMode: 1, IsHumanControllingUs: 0, StartBugReporterOnCrash: 0, Is64bit: 1, IsPro: 1

COMMAND LINE ARGUMENTS:
D:\Program Files\Unity Editor\2021.3.43f1\Editor\Unity.exe
-adb2
-batchMode
-noUpm
-name
AssetImportWorker3
-projectPath
D:/zzz_for now/RunnerTest
-logFile
Logs/AssetImportWorker3.log
-srvPort
65359
Successfully changed project path to: D:/zzz_for now/RunnerTest
D:/zzz_for now/RunnerTest
[UnityMemory] Configuration Parameters - Can be set up in boot.config
    "memorysetup-bucket-allocator-granularity=16"
    "memorysetup-bucket-allocator-bucket-count=8"
    "memorysetup-bucket-allocator-block-size=33554432"
    "memorysetup-bucket-allocator-block-count=8"
    "memorysetup-main-allocator-block-size=16777216"
    "memorysetup-thread-allocator-block-size=16777216"
    "memorysetup-gfx-main-allocator-block-size=16777216"
    "memorysetup-gfx-thread-allocator-block-size=16777216"
    "memorysetup-cache-allocator-block-size=4194304"
    "memorysetup-typetree-allocator-block-size=2097152"
    "memorysetup-profiler-bucket-allocator-granularity=16"
    "memorysetup-profiler-bucket-allocator-bucket-count=8"
    "memorysetup-profiler-bucket-allocator-block-size=33554432"
    "memorysetup-profiler-bucket-allocator-block-count=8"
    "memorysetup-profiler-allocator-block-size=16777216"
    "memorysetup-profiler-editor-allocator-block-size=1048576"
    "memorysetup-temp-allocator-size-main=16777216"
    "memorysetup-job-temp-allocator-block-size=2097152"
    "memorysetup-job-temp-allocator-block-size-background=1048576"
    "memorysetup-job-temp-allocator-reduction-small-platforms=262144"
    "memorysetup-temp-allocator-size-background-worker=32768"
    "memorysetup-temp-allocator-size-job-worker=262144"
    "memorysetup-temp-allocator-size-preload-manager=33554432"
    "memorysetup-temp-allocator-size-nav-mesh-worker=65536"
    "memorysetup-temp-allocator-size-audio-worker=65536"
    "memorysetup-temp-allocator-size-cloud-worker=32768"
    "memorysetup-temp-allocator-size-gi-baking-worker=262144"
    "memorysetup-temp-allocator-size-gfx=262144"
Player connection [26880] Host "[IP] 59.18.221.10 [Port] 0 [Flags] 2 [Guid] 2136943306 [EditorId] 2136943306 [Version] 1048832 [Id] WindowsEditor(7,21-76021251) [Debug] 1 [PackageName] WindowsEditor [ProjectName] Editor" joined multi-casting on [225.0.0.222:54997]...

Player connection [26880] Host "[IP] 59.18.221.10 [Port] 0 [Flags] 2 [Guid] 2136943306 [EditorId] 2136943306 [Version] 1048832 [Id] WindowsEditor(7,21-76021251) [Debug] 1 [PackageName] WindowsEditor [ProjectName] Editor" joined alternative multi-casting on [225.0.0.222:34997]...

[Physics::Module] Initialized MultithreadedJobDispatcher with {0} workers.
Refreshing native plugins compatible for Editor in 76.36 ms, found 3 plugins.
Preloading 0 native plugins for Editor in 0.00 ms.
Initialize engine version: 2021.3.43f1 (6f9470916942)
[Subsystems] Discovering subsystems at path D:/Program Files/Unity Editor/2021.3.43f1/Editor/Data/Resources/UnitySubsystems
[Subsystems] Discovering subsystems at path D:/zzz_for now/RunnerTest/Assets
GfxDevice: creating device client; threaded=0; jobified=0
Direct3D:
    Version:  Direct3D 11.0 [level 11.1]
    Renderer: NVIDIA GeForce RTX 3080 (ID=0x220a)
    Vendor:   NVIDIA
    VRAM:     12093 MB
    Driver:   32.0.15.6094
Initialize mono
Mono path[0] = 'D:/Program Files/Unity Editor/2021.3.43f1/Editor/Data/Managed'
Mono path[1] = 'D:/Program Files/Unity Editor/2021.3.43f1/Editor/Data/MonoBleedingEdge/lib/mono/unityjit-win32'
Mono config path = 'D:/Program Files/Unity Editor/2021.3.43f1/Editor/Data/MonoBleedingEdge/etc'
Using monoOptions --debugger-agent=transport=dt_socket,embedding=1,server=y,suspend=n,address=127.0.0.1:56832
Begin MonoManager ReloadAssembly
Registering precompiled unity dll's ...
Register platform support module: D:/Program Files/Unity Editor/2021.3.43f1/Editor/Data/PlaybackEngines/AndroidPlayer/UnityEditor.Android.Extensions.dll
Register platform support module: D:/Program Files/Unity Editor/2021.3.43f1/Editor/Data/PlaybackEngines/WindowsStandaloneSupport/UnityEditor.WindowsStandalone.Extensions.dll
Registered in 0.011206 seconds.
Native extension for WindowsStandalone target not found
Native extension for Android target not found
Android Extension - Scanning For ADB Devices 297 ms
Refreshing native plugins compatible for Editor in 69.68 ms, found 3 plugins.
Preloading 0 native plugins for Editor in 0.00 ms.
Mono: successfully reloaded assembly
- Completed reload, in  0.949 seconds
Domain Reload Profiling:
	ReloadAssembly (949ms)
		BeginReloadAssembly (134ms)
			ExecutionOrderSort (0ms)
			DisableScriptedObjects (0ms)
			BackupInstance (0ms)
			ReleaseScriptingObjects (0ms)
			CreateAndSetChildDomain (0ms)
		EndReloadAssembly (716ms)
			LoadAssemblies (129ms)
			RebuildTransferFunctionScriptingTraits (0ms)
			SetupTypeCache (98ms)
			ReleaseScriptCaches (0ms)
			RebuildScriptCaches (29ms)
			SetupLoadedEditorAssemblies (542ms)
				LogAssemblyErrors (0ms)
				InitializePlatformSupportModulesInManaged (366ms)
				SetLoadedEditorAssemblies (1ms)
				RefreshPlugins (70ms)
				BeforeProcessingInitializeOnLoad (1ms)
				ProcessInitializeOnLoadAttributes (68ms)
				ProcessInitializeOnLoadMethodAttributes (37ms)
				AfterProcessingInitializeOnLoad (0ms)
				EditorAssembliesLoaded (0ms)
			ExecutionOrderSort2 (0ms)
			AwakeInstancesAfterBackupRestoration (0ms)
Platform modules already initialized, skipping
Registering precompiled user dll's ...
Registered in 0.007716 seconds.
Begin MonoManager ReloadAssembly
Native extension for WindowsStandalone target not found
Native extension for Android target not found
Refreshing native plugins compatible for Editor in 66.07 ms, found 3 plugins.
Preloading 0 native plugins for Editor in 0.00 ms.
Package Manager log level set to [2]
[Package Manager] Server::EnsureServerProcessIsRunning -- launch failed, reason: Unity was launched with the -noUpm command-line argument
[Package Manager] Cannot connect to Unity Package Manager local server
Mono: successfully reloaded assembly
- Completed reload, in  1.482 seconds
Domain Reload Profiling:
	ReloadAssembly (1483ms)
		BeginReloadAssembly (154ms)
			ExecutionOrderSort (0ms)
			DisableScriptedObjects (4ms)
			BackupInstance (0ms)
			ReleaseScriptingObjects (0ms)
			CreateAndSetChildDomain (21ms)
		EndReloadAssembly (1233ms)
			LoadAssemblies (150ms)
			RebuildTransferFunctionScriptingTraits (0ms)
			SetupTypeCache (238ms)
			ReleaseScriptCaches (1ms)
			RebuildScriptCaches (56ms)
			SetupLoadedEditorAssemblies (810ms)
				LogAssemblyErrors (0ms)
				InitializePlatformSupportModulesInManaged (12ms)
				SetLoadedEditorAssemblies (0ms)
				RefreshPlugins (66ms)
				BeforeProcessingInitializeOnLoad (80ms)
				ProcessInitializeOnLoadAttributes (582ms)
				ProcessInitializeOnLoadMethodAttributes (54ms)
				AfterProcessingInitializeOnLoad (16ms)
				EditorAssembliesLoaded (0ms)
			ExecutionOrderSort2 (0ms)
			AwakeInstancesAfterBackupRestoration (5ms)
Platform modules already initialized, skipping
========================================================================
Worker process is ready to serve import requests
Switching render pipeline 682a949499ed14620a697db66cc009a3 -> 0745b0b1db0fcc546a7f33040e4e3601
Launched and connected shader compiler UnityShaderCompiler.exe after 0.03 seconds
Refreshing native plugins compatible for Editor in 1.79 ms, found 3 plugins.
Preloading 0 native plugins for Editor in 0.00 ms.
Unloading 5561 Unused Serialized files (Serialized files now loaded: 0)
Unloading 36 unused Assets / (447.8 KB). Loaded Objects now: 6019.
Memory consumption went from 220.8 MB to 220.4 MB.
Total: 3.049200 ms (FindLiveObjects: 0.317300 ms CreateObjectMapping: 0.196900 ms MarkObjects: 2.326500 ms  DeleteObjects: 0.207700 ms)

AssetImportParameters requested are different than current active one (requested -> active):
  custom:video-decoder-ogg-theora: a1e56fd34408186e4bbccfd4996cb3dc -> 
  custom:container-muxer-webm: aa71ff27fc2769a1b78a27578f13a17b -> 
  custom:container-demuxer-webm: 4f35f7cbe854078d1ac9338744f61a02 -> 
  custom:video-encoder-webm-vp8: eb34c28f22e8b96e1ab97ce403110664 -> 
  custom:video-codec-MediaFoundation-h265: 746d11721c4dcdbdad8f713fa42b33f4 -> 
  custom:CustomObjectIndexerAttribute: 6b0e35c9178b02a6363f3721b7b8e397 -> 
  custom:audio-encoder-webm-vorbis: bf7c407c2cedff20999df2af8eb42d56 -> 
  custom:framework-win-MediaFoundation: 216162199b28c13a410421893ffa2e32 -> 
  custom:SearchIndexIgnoredProperties: e643bd26f0fe6173181afceb89e7c659 -> 
  custom:container-demuxer-ogg: 62fdf1f143b41e24485cea50d1cbac27 -> 
  custom:video-decoder-webm-vp8: 9c59270c3fd7afecdb556c50c9e8de78 -> 
  custom:audio-decoder-ogg-vorbis: bf7c407c2cedff20999df2af8eb42d56 -> 
  custom:srp/default-pipeline: 70540b1bbdf0cc45a6f73340e0e46310 -> 86a2494999de4126a096d76bc60c903a
========================================================================
Received Import Request.
  Time since last request: 1282383.933656 seconds.
  path: Assets/Gate_Car3_Q1_O.prefab
  artifactKey: Guid(50f7afdd2abc9bc40b4b7e609bc27884) Importer(815301076,1909f56bfc062723c751e8b465ee728b)
Number of updated assets reloaded before import = 0
Start importing Assets/Gate_Car3_Q1_O.prefab using Guid(50f7afdd2abc9bc40b4b7e609bc27884) Importer(815301076,1909f56bfc062723c751e8b465ee728b)  -> (artifact id: 'ef94fc1368d5e150fde69a390dec690e') in 0.504485 seconds 
Number of asset objects unloaded after import = 44
========================================================================
Received Import Request.
  Time since last request: 0.000038 seconds.
  path: Assets/Gate_Res2_Q5_O.prefab
  artifactKey: Guid(290b8f49a5614cc43b438627b8591d5d) Importer(815301076,1909f56bfc062723c751e8b465ee728b)
Number of updated assets reloaded before import = 0
Start importing Assets/Gate_Res2_Q5_O.prefab using Guid(290b8f49a5614cc43b438627b8591d5d) Importer(815301076,1909f56bfc062723c751e8b465ee728b)  -> (artifact id: '8c18905c9e6c3a1e6bfc2c197459b15e') in 0.225977 seconds 
Number of asset objects unloaded after import = 35
========================================================================
Received Import Request.
  Time since last request: 0.000034 seconds.
  path: Assets/Gate_ReduceLife.prefab
  artifactKey: Guid(746731d06aee4b54db98bd889491caf4) Importer(815301076,1909f56bfc062723c751e8b465ee728b)
Number of updated assets reloaded before import = 0
Start importing Assets/Gate_ReduceLife.prefab using Guid(746731d06aee4b54db98bd889491caf4) Importer(815301076,1909f56bfc062723c751e8b465ee728b)  -> (artifact id: 'c6540ec9c5faebb8ee77c364c1ee6876') in 0.224414 seconds 
Number of asset objects unloaded after import = 35
========================================================================
Received Import Request.
  Time since last request: 0.000025 seconds.
  path: Assets/Gate_Car3_Q2_O.prefab
  artifactKey: Guid(e659c55ced9e79a43a231882e3636568) Importer(815301076,1909f56bfc062723c751e8b465ee728b)
Number of updated assets reloaded before import = 0
Start importing Assets/Gate_Car3_Q2_O.prefab using Guid(e659c55ced9e79a43a231882e3636568) Importer(815301076,1909f56bfc062723c751e8b465ee728b)  -> (artifact id: 'fa31212ef3d5cbeb93d931c7a058878a') in 0.229931 seconds 
Number of asset objects unloaded after import = 35
========================================================================
Received Import Request.
  Time since last request: 0.000027 seconds.
  path: Assets/Gate_Res3_Q5_X.prefab
  artifactKey: Guid(7c3e57fdf29ccab45b2aa23f955cc640) Importer(815301076,1909f56bfc062723c751e8b465ee728b)
Number of updated assets reloaded before import = 0
Start importing Assets/Gate_Res3_Q5_X.prefab using Guid(7c3e57fdf29ccab45b2aa23f955cc640) Importer(815301076,1909f56bfc062723c751e8b465ee728b)  -> (artifact id: '996d3cd0c3d1bb55943b25c37847f0f1') in 0.246529 seconds 
Number of asset objects unloaded after import = 35
========================================================================
Received Import Request.
  Time since last request: 0.000041 seconds.
  path: Assets/Gate_Res1_Q2_X.prefab
  artifactKey: Guid(01ceda62f8e076242ba51ff4defb81ad) Importer(815301076,1909f56bfc062723c751e8b465ee728b)
Number of updated assets reloaded before import = 0
Start importing Assets/Gate_Res1_Q2_X.prefab using Guid(01ceda62f8e076242ba51ff4defb81ad) Importer(815301076,1909f56bfc062723c751e8b465ee728b)  -> (artifact id: '6f26937264a7b6472cd7ebfaf8b68745') in 0.232437 seconds 
Number of asset objects unloaded after import = 35
========================================================================
Received Import Request.
  Time since last request: 0.000046 seconds.
  path: Assets/Gate_Res3_Q3_X.prefab
  artifactKey: Guid(07c1a0eb113cbf04dbed25e51023b89a) Importer(815301076,1909f56bfc062723c751e8b465ee728b)
Number of updated assets reloaded before import = 0
Start importing Assets/Gate_Res3_Q3_X.prefab using Guid(07c1a0eb113cbf04dbed25e51023b89a) Importer(815301076,1909f56bfc062723c751e8b465ee728b)  -> (artifact id: '1f7fbc36f75da827e6a39f6cdee31916') in 0.234502 seconds 
Number of asset objects unloaded after import = 35
========================================================================
Received Prepare
Refreshing native plugins compatible for Editor in 12.24 ms, found 3 plugins.
Preloading 0 native plugins for Editor in 0.00 ms.
Unloading 26 Unused Serialized files (Serialized files now loaded: 0)
Unloading 46 unused Assets / (430.2 KB). Loaded Objects now: 6113.
Memory consumption went from 109.2 MB to 108.7 MB.
Total: 5.760400 ms (FindLiveObjects: 0.588600 ms CreateObjectMapping: 0.582500 ms MarkObjects: 4.160800 ms  DeleteObjects: 0.427300 ms)

AssetImportParameters requested are different than current active one (requested -> active):
  custom:video-decoder-ogg-theora: a1e56fd34408186e4bbccfd4996cb3dc -> 
  custom:container-muxer-webm: aa71ff27fc2769a1b78a27578f13a17b -> 
  custom:container-demuxer-webm: 4f35f7cbe854078d1ac9338744f61a02 -> 
  custom:video-encoder-webm-vp8: eb34c28f22e8b96e1ab97ce403110664 -> 
  custom:video-codec-MediaFoundation-h265: 746d11721c4dcdbdad8f713fa42b33f4 -> 
  custom:CustomObjectIndexerAttribute: 6b0e35c9178b02a6363f3721b7b8e397 -> 
  custom:audio-encoder-webm-vorbis: bf7c407c2cedff20999df2af8eb42d56 -> 
  custom:framework-win-MediaFoundation: 216162199b28c13a410421893ffa2e32 -> 
  custom:SearchIndexIgnoredProperties: e643bd26f0fe6173181afceb89e7c659 -> 
  custom:container-demuxer-ogg: 62fdf1f143b41e24485cea50d1cbac27 -> 
  custom:video-decoder-webm-vp8: 9c59270c3fd7afecdb556c50c9e8de78 -> 
  custom:audio-decoder-ogg-vorbis: bf7c407c2cedff20999df2af8eb42d56 -> 
========================================================================
Received Import Request.
  Time since last request: 7.572900 seconds.
  path: Assets/Gate_Res1_Q5_O.prefab
  artifactKey: Guid(88b4f52e14438944d81a856149677759) Importer(815301076,1909f56bfc062723c751e8b465ee728b)
Number of updated assets reloaded before import = 0
Start importing Assets/Gate_Res1_Q5_O.prefab using Guid(88b4f52e14438944d81a856149677759) Importer(815301076,1909f56bfc062723c751e8b465ee728b)  -> (artifact id: '32a3a0bf3167b63dc8d5ec9e164bbc6b') in 0.232658 seconds 
Number of asset objects unloaded after import = 33
========================================================================
Received Import Request.
  Time since last request: 0.000035 seconds.
  path: Assets/Gate_Car1_Q2_X.prefab
  artifactKey: Guid(54ded1ad4eece1f40991efe12b708505) Importer(815301076,1909f56bfc062723c751e8b465ee728b)
Number of updated assets reloaded before import = 0
Start importing Assets/Gate_Car1_Q2_X.prefab using Guid(54ded1ad4eece1f40991efe12b708505) Importer(815301076,1909f56bfc062723c751e8b465ee728b)  -> (artifact id: 'cf8ea3efef320d670fb119cb30f12c1c') in 0.221171 seconds 
Number of asset objects unloaded after import = 33
========================================================================
Received Import Request.
  Time since last request: 0.000036 seconds.
  path: Assets/Gate_Car4_Q1_X.prefab
  artifactKey: Guid(914cf7d638b431543970df508f5d9c9d) Importer(815301076,1909f56bfc062723c751e8b465ee728b)
Number of updated assets reloaded before import = 0
Start importing Assets/Gate_Car4_Q1_X.prefab using Guid(914cf7d638b431543970df508f5d9c9d) Importer(815301076,1909f56bfc062723c751e8b465ee728b)  -> (artifact id: '1db034d88e14f3f340a0d6f9e80c317d') in 0.233017 seconds 
Number of asset objects unloaded after import = 33
========================================================================
Received Import Request.
  Time since last request: 0.000033 seconds.
  path: Assets/Gate_Res3_Q4_O.prefab
  artifactKey: Guid(b3d61d2b708bcdd4f83a43ebb1b50a2c) Importer(815301076,1909f56bfc062723c751e8b465ee728b)
Number of updated assets reloaded before import = 0
Start importing Assets/Gate_Res3_Q4_O.prefab using Guid(b3d61d2b708bcdd4f83a43ebb1b50a2c) Importer(815301076,1909f56bfc062723c751e8b465ee728b)  -> (artifact id: 'cae2b65f1cebefde06c6cd1e2b2a601c') in 0.213933 seconds 
Number of asset objects unloaded after import = 33
========================================================================
Received Import Request.
  Time since last request: 0.000062 seconds.
  path: Assets/Gate_Car1_Q5_X.prefab
  artifactKey: Guid(ee0f8a513c180c946bbaeb63e00c33c0) Importer(815301076,1909f56bfc062723c751e8b465ee728b)
Number of updated assets reloaded before import = 0
Start importing Assets/Gate_Car1_Q5_X.prefab using Guid(ee0f8a513c180c946bbaeb63e00c33c0) Importer(815301076,1909f56bfc062723c751e8b465ee728b)  -> (artifact id: 'ed53a7ca38a8d9fe591cb1bbf7a46d43') in 0.225038 seconds 
Number of asset objects unloaded after import = 33
========================================================================
Received Import Request.
  Time since last request: 0.000025 seconds.
  path: Assets/Gate_Res4_Q1_O.prefab
  artifactKey: Guid(43b83d5f8966f68499d1b2da8439bde4) Importer(815301076,1909f56bfc062723c751e8b465ee728b)
Number of updated assets reloaded before import = 0
Start importing Assets/Gate_Res4_Q1_O.prefab using Guid(43b83d5f8966f68499d1b2da8439bde4) Importer(815301076,1909f56bfc062723c751e8b465ee728b)  -> (artifact id: '6dd52018bed7c431f652de1be472bd01') in 0.223299 seconds 
Number of asset objects unloaded after import = 33
========================================================================
Received Import Request.
  Time since last request: 0.000039 seconds.
  path: Assets/Gate_Car3_Q1_X.prefab
  artifactKey: Guid(dda824e6e19d10d46b01f8fe21cf50bc) Importer(815301076,1909f56bfc062723c751e8b465ee728b)
Number of updated assets reloaded before import = 0
Start importing Assets/Gate_Car3_Q1_X.prefab using Guid(dda824e6e19d10d46b01f8fe21cf50bc) Importer(815301076,1909f56bfc062723c751e8b465ee728b)  -> (artifact id: 'bbae6a9afce51a2246db5ea8c7c6b2fc') in 0.224591 seconds 
Number of asset objects unloaded after import = 33
========================================================================
Received Import Request.
  Time since last request: 0.000038 seconds.
  path: Assets/Gate_Res2_Q4_X.prefab
  artifactKey: Guid(4b65931f4fef3cd48ae356ba91fc22e4) Importer(815301076,1909f56bfc062723c751e8b465ee728b)
Number of updated assets reloaded before import = 0
Start importing Assets/Gate_Res2_Q4_X.prefab using Guid(4b65931f4fef3cd48ae356ba91fc22e4) Importer(815301076,1909f56bfc062723c751e8b465ee728b)  -> (artifact id: '7ed5d6afdad1b0fdf6b7ae24acea0589') in 0.236056 seconds 
Number of asset objects unloaded after import = 33
========================================================================
Received Import Request.
  Time since last request: 0.000039 seconds.
  path: Assets/Gate_Car2_Q2_X.prefab
  artifactKey: Guid(b4fb9d113dd30e84fb9f50aa48d7fc08) Importer(815301076,1909f56bfc062723c751e8b465ee728b)
Number of updated assets reloaded before import = 0
Start importing Assets/Gate_Car2_Q2_X.prefab using Guid(b4fb9d113dd30e84fb9f50aa48d7fc08) Importer(815301076,1909f56bfc062723c751e8b465ee728b)  -> (artifact id: 'd2d392bc43213d47c6e1c1cca02086a9') in 0.226311 seconds 
Number of asset objects unloaded after import = 33
========================================================================
Received Import Request.
  Time since last request: 0.000046 seconds.
  path: Assets/Gate_Res1_Q4_X.prefab
  artifactKey: Guid(af9ef83bbf0c5b04db15e4052a6f80e7) Importer(815301076,1909f56bfc062723c751e8b465ee728b)
Number of updated assets reloaded before import = 0
Start importing Assets/Gate_Res1_Q4_X.prefab using Guid(af9ef83bbf0c5b04db15e4052a6f80e7) Importer(815301076,1909f56bfc062723c751e8b465ee728b)  -> (artifact id: 'e6baa5e62049beb9f87d1d753eb9442b') in 0.221252 seconds 
Number of asset objects unloaded after import = 33
========================================================================
Received Import Request.
  Time since last request: 0.000038 seconds.
  path: Assets/Gate_Car1_Q4_O.prefab
  artifactKey: Guid(3c1fc3892ee51d149a7ede49c0797e8d) Importer(815301076,1909f56bfc062723c751e8b465ee728b)
Number of updated assets reloaded before import = 0
Start importing Assets/Gate_Car1_Q4_O.prefab using Guid(3c1fc3892ee51d149a7ede49c0797e8d) Importer(815301076,1909f56bfc062723c751e8b465ee728b)  -> (artifact id: '8c74d865a4a5ba8eb528ae4686befbf6') in 0.222966 seconds 
Number of asset objects unloaded after import = 33
========================================================================
Received Import Request.
  Time since last request: 0.000034 seconds.
  path: Assets/Gate_Res2_Q5_X.prefab
  artifactKey: Guid(5284a8031e7f4634f8fd1ec330006667) Importer(815301076,1909f56bfc062723c751e8b465ee728b)
Number of updated assets reloaded before import = 0
Start importing Assets/Gate_Res2_Q5_X.prefab using Guid(5284a8031e7f4634f8fd1ec330006667) Importer(815301076,1909f56bfc062723c751e8b465ee728b)  -> (artifact id: '78c785a819faca2298455a919c70a35a') in 0.221400 seconds 
Number of asset objects unloaded after import = 33
========================================================================
Received Import Request.
  Time since last request: 0.000029 seconds.
  path: Assets/Gate_Car2_Q5_X.prefab
  artifactKey: Guid(356a62c1ae946834f898fcdd35d7816d) Importer(815301076,1909f56bfc062723c751e8b465ee728b)
Number of updated assets reloaded before import = 0
Start importing Assets/Gate_Car2_Q5_X.prefab using Guid(356a62c1ae946834f898fcdd35d7816d) Importer(815301076,1909f56bfc062723c751e8b465ee728b)  -> (artifact id: '75e2ac98c74f5bcaac6380e24e1dcade') in 0.216742 seconds 
Number of asset objects unloaded after import = 33
========================================================================
Received Import Request.
  Time since last request: 0.000033 seconds.
  path: Assets/Gate_Car4_Q4_O.prefab
  artifactKey: Guid(e184499521f6c6540be2555eff699eee) Importer(815301076,1909f56bfc062723c751e8b465ee728b)
Number of updated assets reloaded before import = 0
Start importing Assets/Gate_Car4_Q4_O.prefab using Guid(e184499521f6c6540be2555eff699eee) Importer(815301076,1909f56bfc062723c751e8b465ee728b)  -> (artifact id: '5c17caf697c4f17eb44ec88abc891cd5') in 0.218327 seconds 
Number of asset objects unloaded after import = 33
========================================================================
Received Import Request.
  Time since last request: 0.000032 seconds.
  path: Assets/Gate_Res3_Q2_X.prefab
  artifactKey: Guid(d6da349aea69ac349ab7d01c2869f539) Importer(815301076,1909f56bfc062723c751e8b465ee728b)
Number of updated assets reloaded before import = 0
Start importing Assets/Gate_Res3_Q2_X.prefab using Guid(d6da349aea69ac349ab7d01c2869f539) Importer(815301076,1909f56bfc062723c751e8b465ee728b)  -> (artifact id: '49859e53c344b03b92045fe6b68a313a') in 0.212766 seconds 
Number of asset objects unloaded after import = 33
========================================================================
Received Prepare
Registering precompiled user dll's ...
Registered in 0.007655 seconds.
Begin MonoManager ReloadAssembly
Native extension for WindowsStandalone target not found
Native extension for Android target not found
Refreshing native plugins compatible for Editor in 1.93 ms, found 3 plugins.
Preloading 0 native plugins for Editor in 0.00 ms.
[Package Manager] Server::EnsureServerProcessIsRunning -- launch failed, reason: Unity was launched with the -noUpm command-line argument
[Package Manager] Cannot connect to Unity Package Manager local server
Mono: successfully reloaded assembly
- Completed reload, in  1.636 seconds
Domain Reload Profiling:
	ReloadAssembly (1637ms)
		BeginReloadAssembly (234ms)
			ExecutionOrderSort (0ms)
			DisableScriptedObjects (5ms)
			BackupInstance (0ms)
			ReleaseScriptingObjects (0ms)
			CreateAndSetChildDomain (37ms)
		EndReloadAssembly (1288ms)
			LoadAssemblies (219ms)
			RebuildTransferFunctionScriptingTraits (0ms)
			SetupTypeCache (241ms)
			ReleaseScriptCaches (2ms)
			RebuildScriptCaches (46ms)
			SetupLoadedEditorAssemblies (786ms)
				LogAssemblyErrors (0ms)
				InitializePlatformSupportModulesInManaged (22ms)
				SetLoadedEditorAssemblies (0ms)
				RefreshPlugins (2ms)
				BeforeProcessingInitializeOnLoad (87ms)
				ProcessInitializeOnLoadAttributes (594ms)
				ProcessInitializeOnLoadMethodAttributes (65ms)
				AfterProcessingInitializeOnLoad (15ms)
				EditorAssembliesLoaded (0ms)
			ExecutionOrderSort2 (0ms)
			AwakeInstancesAfterBackupRestoration (11ms)
Platform modules already initialized, skipping
Refreshing native plugins compatible for Editor in 1.79 ms, found 3 plugins.
Preloading 0 native plugins for Editor in 0.00 ms.
Unloading 5431 Unused Serialized files (Serialized files now loaded: 0)
Unloading 26 unused Assets / (22.0 KB). Loaded Objects now: 6088.
Memory consumption went from 220.1 MB to 220.1 MB.
Total: 5.488300 ms (FindLiveObjects: 0.789800 ms CreateObjectMapping: 0.828300 ms MarkObjects: 3.809600 ms  DeleteObjects: 0.058500 ms)

AssetImportParameters requested are different than current active one (requested -> active):
  custom:video-decoder-ogg-theora: a1e56fd34408186e4bbccfd4996cb3dc -> 
  custom:container-muxer-webm: aa71ff27fc2769a1b78a27578f13a17b -> 
  custom:container-demuxer-webm: 4f35f7cbe854078d1ac9338744f61a02 -> 
  custom:video-encoder-webm-vp8: eb34c28f22e8b96e1ab97ce403110664 -> 
  custom:video-codec-MediaFoundation-h265: 746d11721c4dcdbdad8f713fa42b33f4 -> 
  custom:CustomObjectIndexerAttribute: 6b0e35c9178b02a6363f3721b7b8e397 -> 
  custom:audio-encoder-webm-vorbis: bf7c407c2cedff20999df2af8eb42d56 -> 
  custom:framework-win-MediaFoundation: 216162199b28c13a410421893ffa2e32 -> 
  custom:SearchIndexIgnoredProperties: e643bd26f0fe6173181afceb89e7c659 -> 
  custom:container-demuxer-ogg: 62fdf1f143b41e24485cea50d1cbac27 -> 
  custom:video-decoder-webm-vp8: 9c59270c3fd7afecdb556c50c9e8de78 -> 
  custom:audio-decoder-ogg-vorbis: bf7c407c2cedff20999df2af8eb42d56 -> 
========================================================================
Received Prepare
Switching render pipeline 682a949499ed14620a697db66cc009a3 -> 0745b0b1db0fcc546a7f33040e4e3601
Refreshing native plugins compatible for Editor in 10.71 ms, found 3 plugins.
Preloading 0 native plugins for Editor in 0.00 ms.
Unloading 24 Unused Serialized files (Serialized files now loaded: 0)
Unloading 24 unused Assets / (21.9 KB). Loaded Objects now: 6088.
Memory consumption went from 111.3 MB to 111.3 MB.
Total: 5.192100 ms (FindLiveObjects: 0.770900 ms CreateObjectMapping: 0.616500 ms MarkObjects: 3.747100 ms  DeleteObjects: 0.055800 ms)

AssetImportParameters requested are different than current active one (requested -> active):
  custom:video-decoder-ogg-theora: a1e56fd34408186e4bbccfd4996cb3dc -> 
  custom:container-muxer-webm: aa71ff27fc2769a1b78a27578f13a17b -> 
  custom:container-demuxer-webm: 4f35f7cbe854078d1ac9338744f61a02 -> 
  custom:video-encoder-webm-vp8: eb34c28f22e8b96e1ab97ce403110664 -> 
  custom:video-codec-MediaFoundation-h265: 746d11721c4dcdbdad8f713fa42b33f4 -> 
  custom:CustomObjectIndexerAttribute: 6b0e35c9178b02a6363f3721b7b8e397 -> 
  custom:audio-encoder-webm-vorbis: bf7c407c2cedff20999df2af8eb42d56 -> 
  custom:framework-win-MediaFoundation: 216162199b28c13a410421893ffa2e32 -> 
  custom:SearchIndexIgnoredProperties: e643bd26f0fe6173181afceb89e7c659 -> 
  custom:container-demuxer-ogg: 62fdf1f143b41e24485cea50d1cbac27 -> 
  custom:video-decoder-webm-vp8: 9c59270c3fd7afecdb556c50c9e8de78 -> 
  custom:audio-decoder-ogg-vorbis: bf7c407c2cedff20999df2af8eb42d56 -> 
  custom:srp/default-pipeline: 70540b1bbdf0cc45a6f73340e0e46310 -> 86a2494999de4126a096d76bc60c903a
========================================================================
Received Prepare
Refreshing native plugins compatible for Editor in 6.02 ms, found 3 plugins.
Preloading 0 native plugins for Editor in 0.00 ms.
Unloading 24 Unused Serialized files (Serialized files now loaded: 0)
Unloading 24 unused Assets / (22.0 KB). Loaded Objects now: 6088.
Memory consumption went from 110.7 MB to 110.6 MB.
Total: 2.963200 ms (FindLiveObjects: 0.364900 ms CreateObjectMapping: 0.236800 ms MarkObjects: 2.332600 ms  DeleteObjects: 0.028200 ms)

AssetImportParameters requested are different than current active one (requested -> active):
  custom:video-decoder-ogg-theora: a1e56fd34408186e4bbccfd4996cb3dc -> 
  custom:container-muxer-webm: aa71ff27fc2769a1b78a27578f13a17b -> 
  custom:container-demuxer-webm: 4f35f7cbe854078d1ac9338744f61a02 -> 
  custom:video-encoder-webm-vp8: eb34c28f22e8b96e1ab97ce403110664 -> 
  custom:video-codec-MediaFoundation-h265: 746d11721c4dcdbdad8f713fa42b33f4 -> 
  custom:CustomObjectIndexerAttribute: 6b0e35c9178b02a6363f3721b7b8e397 -> 
  custom:audio-encoder-webm-vorbis: bf7c407c2cedff20999df2af8eb42d56 -> 
  custom:framework-win-MediaFoundation: 216162199b28c13a410421893ffa2e32 -> 
  custom:SearchIndexIgnoredProperties: e643bd26f0fe6173181afceb89e7c659 -> 
  custom:container-demuxer-ogg: 62fdf1f143b41e24485cea50d1cbac27 -> 
  custom:video-decoder-webm-vp8: 9c59270c3fd7afecdb556c50c9e8de78 -> 
  custom:audio-decoder-ogg-vorbis: bf7c407c2cedff20999df2af8eb42d56 -> 
Editor requested this worker to shutdown with reason: Scaling down because of idle timeout
AssetImportWorker is now disconnected from the server
Process exiting
Exiting without the bug reporter. Application will terminate with return code 0